<?xml version="1.0" encoding="UTF-8" ?>
<testsuite tests="4" failures="2" name="Test_Mavan_pro" time="0.008" errors="0" skipped="0">
  <properties>
[...]
</properties>
  <testcase classname="Test_Mavan_pro" name="Test_Mavan_pro.testApp4" time="0.002"/>
  <testcase classname="Test_Mavan_pro" name="Test_Mavan_pro.testApp" time="0.006">
    <failure message="expected: &lt;sir&gt; but was: &lt;ris&gt;" type="org.opentest4j.AssertionFailedError">org.opentest4j.AssertionFailedError: expected: &lt;sir&gt; but was: &lt;ris&gt;
	at org.junit.jupiter.api.AssertionUtils.fail(AssertionUtils.java:55)
	at org.junit.jupiter.api.AssertionUtils.failNotEqual(AssertionUtils.java:62)
	at org.junit.jupiter.api.AssertEquals.assertEquals(AssertEquals.java:182)
	at org.junit.jupiter.api.AssertEquals.assertEquals(AssertEquals.java:177)
	at org.junit.jupiter.api.Assertions.assertEquals(Assertions.java:1141)
	at Test_Mavan_pro.testApp(Test_Mavan_pro.java:11)
</failure>
  </testcase>
  <testcase classname="Test_Mavan_pro" name="Test_Mavan_pro.testApp3" time="0"/>
  <testcase classname="Test_Mavan_pro" name="Test_Mavan_pro.testApp1" time="0">
    <failure message="expected: &lt;prajwal&gt; but was: &lt;lawjarp&gt;" type="org.opentest4j.AssertionFailedError">org.opentest4j.AssertionFailedError: expected: &lt;prajwal&gt; but was: &lt;lawjarp&gt;
	at org.junit.jupiter.api.AssertionUtils.fail(AssertionUtils.java:55)
	at org.junit.jupiter.api.AssertionUtils.failNotEqual(AssertionUtils.java:62)
	at org.junit.jupiter.api.AssertEquals.assertEquals(AssertEquals.java:182)
	at org.junit.jupiter.api.AssertEquals.assertEquals(AssertEquals.java:177)
	at org.junit.jupiter.api.Assertions.assertEquals(Assertions.java:1141)
	at Test_Mavan_pro.testApp1(Test_Mavan_pro.java:19)
</failure>
  </testcase>
</testsuite>